<?xml version="1.0" encoding="UTF-8"?>
<testsuite xmlns:xsi="http://www.w3.org/2001/XMLSchema-instance" xsi:noNamespaceSchemaLocation="https://maven.apache.org/surefire/maven-surefire-plugin/xsd/surefire-test-report-3.0.xsd" version="3.0" name="com.elasticsearch.search.SearchApplicationTests" time="1.462" tests="1" errors="0" skipped="0" failures="0">
  <properties>
    <property name="java.specification.version" value="19"/>
    <property name="sun.jnu.encoding" value="UTF-8"/>
    <property name="java.class.path" value="/home/discente/Vídeos/search-engine/backend/target/test-classes:/home/discente/Vídeos/search-engine/backend/target/classes:/home/discente/.m2/repository/org/springframework/boot/spring-boot-starter-web/3.1.0/spring-boot-starter-web-3.1.0.jar:/home/discente/.m2/repository/org/springframework/boot/spring-boot-starter/3.1.0/spring-boot-starter-3.1.0.jar:/home/discente/.m2/repository/org/springframework/boot/spring-boot/3.1.0/spring-boot-3.1.0.jar:/home/discente/.m2/repository/org/springframework/boot/spring-boot-autoconfigure/3.1.0/spring-boot-autoconfigure-3.1.0.jar:/home/discente/.m2/repository/org/springframework/boot/spring-boot-starter-logging/3.1.0/spring-boot-starter-logging-3.1.0.jar:/home/discente/.m2/repository/ch/qos/logback/logback-classic/1.4.7/logback-classic-1.4.7.jar:/home/discente/.m2/repository/ch/qos/logback/logback-core/1.4.7/logback-core-1.4.7.jar:/home/discente/.m2/repository/org/apache/logging/log4j/log4j-to-slf4j/2.20.0/log4j-to-slf4j-2.20.0.jar:/home/discente/.m2/repository/org/apache/logging/log4j/log4j-api/2.20.0/log4j-api-2.20.0.jar:/home/discente/.m2/repository/org/slf4j/jul-to-slf4j/2.0.7/jul-to-slf4j-2.0.7.jar:/home/discente/.m2/repository/jakarta/annotation/jakarta.annotation-api/2.1.1/jakarta.annotation-api-2.1.1.jar:/home/discente/.m2/repository/org/yaml/snakeyaml/1.33/snakeyaml-1.33.jar:/home/discente/.m2/repository/org/springframework/boot/spring-boot-starter-json/3.1.0/spring-boot-starter-json-3.1.0.jar:/home/discente/.m2/repository/com/fasterxml/jackson/datatype/jackson-datatype-jdk8/2.15.0/jackson-datatype-jdk8-2.15.0.jar:/home/discente/.m2/repository/com/fasterxml/jackson/datatype/jackson-datatype-jsr310/2.15.0/jackson-datatype-jsr310-2.15.0.jar:/home/discente/.m2/repository/com/fasterxml/jackson/module/jackson-module-parameter-names/2.15.0/jackson-module-parameter-names-2.15.0.jar:/home/discente/.m2/repository/org/springframework/boot/spring-boot-starter-tomcat/3.1.0/spring-boot-starter-tomcat-3.1.0.jar:/home/discente/.m2/repository/org/apache/tomcat/embed/tomcat-embed-core/10.1.8/tomcat-embed-core-10.1.8.jar:/home/discente/.m2/repository/org/apache/tomcat/embed/tomcat-embed-el/10.1.8/tomcat-embed-el-10.1.8.jar:/home/discente/.m2/repository/org/apache/tomcat/embed/tomcat-embed-websocket/10.1.8/tomcat-embed-websocket-10.1.8.jar:/home/discente/.m2/repository/org/springframework/spring-web/6.0.9/spring-web-6.0.9.jar:/home/discente/.m2/repository/org/springframework/spring-beans/6.0.9/spring-beans-6.0.9.jar:/home/discente/.m2/repository/io/micrometer/micrometer-observation/1.11.0/micrometer-observation-1.11.0.jar:/home/discente/.m2/repository/io/micrometer/micrometer-commons/1.11.0/micrometer-commons-1.11.0.jar:/home/discente/.m2/repository/org/springframework/spring-webmvc/6.0.9/spring-webmvc-6.0.9.jar:/home/discente/.m2/repository/org/springframework/spring-aop/6.0.9/spring-aop-6.0.9.jar:/home/discente/.m2/repository/org/springframework/spring-context/6.0.9/spring-context-6.0.9.jar:/home/discente/.m2/repository/org/springframework/spring-expression/6.0.9/spring-expression-6.0.9.jar:/home/discente/.m2/repository/org/springframework/boot/spring-boot-starter-test/3.1.0/spring-boot-starter-test-3.1.0.jar:/home/discente/.m2/repository/org/springframework/boot/spring-boot-test/3.1.0/spring-boot-test-3.1.0.jar:/home/discente/.m2/repository/org/springframework/boot/spring-boot-test-autoconfigure/3.1.0/spring-boot-test-autoconfigure-3.1.0.jar:/home/discente/.m2/repository/com/jayway/jsonpath/json-path/2.8.0/json-path-2.8.0.jar:/home/discente/.m2/repository/jakarta/xml/bind/jakarta.xml.bind-api/4.0.0/jakarta.xml.bind-api-4.0.0.jar:/home/discente/.m2/repository/jakarta/activation/jakarta.activation-api/2.1.2/jakarta.activation-api-2.1.2.jar:/home/discente/.m2/repository/net/minidev/json-smart/2.4.10/json-smart-2.4.10.jar:/home/discente/.m2/repository/net/minidev/accessors-smart/2.4.9/accessors-smart-2.4.9.jar:/home/discente/.m2/repository/org/ow2/asm/asm/9.3/asm-9.3.jar:/home/discente/.m2/repository/org/assertj/assertj-core/3.24.2/assertj-core-3.24.2.jar:/home/discente/.m2/repository/net/bytebuddy/byte-buddy/1.14.4/byte-buddy-1.14.4.jar:/home/discente/.m2/repository/org/hamcrest/hamcrest/2.2/hamcrest-2.2.jar:/home/discente/.m2/repository/org/junit/jupiter/junit-jupiter/5.9.3/junit-jupiter-5.9.3.jar:/home/discente/.m2/repository/org/junit/jupiter/junit-jupiter-api/5.9.3/junit-jupiter-api-5.9.3.jar:/home/discente/.m2/repository/org/opentest4j/opentest4j/1.2.0/opentest4j-1.2.0.jar:/home/discente/.m2/repository/org/junit/platform/junit-platform-commons/1.9.3/junit-platform-commons-1.9.3.jar:/home/discente/.m2/repository/org/apiguardian/apiguardian-api/1.1.2/apiguardian-api-1.1.2.jar:/home/discente/.m2/repository/org/junit/jupiter/junit-jupiter-params/5.9.3/junit-jupiter-params-5.9.3.jar:/home/discente/.m2/repository/org/junit/jupiter/junit-jupiter-engine/5.9.3/junit-jupiter-engine-5.9.3.jar:/home/discente/.m2/repository/org/junit/platform/junit-platform-engine/1.9.3/junit-platform-engine-1.9.3.jar:/home/discente/.m2/repository/org/mockito/mockito-core/5.3.1/mockito-core-5.3.1.jar:/home/discente/.m2/repository/net/bytebuddy/byte-buddy-agent/1.14.4/byte-buddy-agent-1.14.4.jar:/home/discente/.m2/repository/org/objenesis/objenesis/3.3/objenesis-3.3.jar:/home/discente/.m2/repository/org/mockito/mockito-junit-jupiter/5.3.1/mockito-junit-jupiter-5.3.1.jar:/home/discente/.m2/repository/org/skyscreamer/jsonassert/1.5.1/jsonassert-1.5.1.jar:/home/discente/.m2/repository/com/vaadin/external/google/android-json/0.0.20131108.vaadin1/android-json-0.0.20131108.vaadin1.jar:/home/discente/.m2/repository/org/springframework/spring-core/6.0.9/spring-core-6.0.9.jar:/home/discente/.m2/repository/org/springframework/spring-jcl/6.0.9/spring-jcl-6.0.9.jar:/home/discente/.m2/repository/org/springframework/spring-test/6.0.9/spring-test-6.0.9.jar:/home/discente/.m2/repository/org/xmlunit/xmlunit-core/2.9.1/xmlunit-core-2.9.1.jar:/home/discente/.m2/repository/org/springdoc/springdoc-openapi-ui/1.6.15/springdoc-openapi-ui-1.6.15.jar:/home/discente/.m2/repository/org/springdoc/springdoc-openapi-webmvc-core/1.6.15/springdoc-openapi-webmvc-core-1.6.15.jar:/home/discente/.m2/repository/org/springdoc/springdoc-openapi-common/1.6.15/springdoc-openapi-common-1.6.15.jar:/home/discente/.m2/repository/io/swagger/core/v3/swagger-core/2.2.8/swagger-core-2.2.8.jar:/home/discente/.m2/repository/org/apache/commons/commons-lang3/3.12.0/commons-lang3-3.12.0.jar:/home/discente/.m2/repository/com/fasterxml/jackson/dataformat/jackson-dataformat-yaml/2.15.0/jackson-dataformat-yaml-2.15.0.jar:/home/discente/.m2/repository/io/swagger/core/v3/swagger-annotations/2.2.8/swagger-annotations-2.2.8.jar:/home/discente/.m2/repository/io/swagger/core/v3/swagger-models/2.2.8/swagger-models-2.2.8.jar:/home/discente/.m2/repository/jakarta/validation/jakarta.validation-api/3.0.2/jakarta.validation-api-3.0.2.jar:/home/discente/.m2/repository/org/webjars/swagger-ui/4.17.1/swagger-ui-4.17.1.jar:/home/discente/.m2/repository/org/webjars/webjars-locator-core/0.52/webjars-locator-core-0.52.jar:/home/discente/.m2/repository/io/github/classgraph/classgraph/4.8.149/classgraph-4.8.149.jar:/home/discente/.m2/repository/org/openapitools/jackson-databind-nullable/0.2.6/jackson-databind-nullable-0.2.6.jar:/home/discente/.m2/repository/io/swagger/swagger-annotations/1.6.8/swagger-annotations-1.6.8.jar:/home/discente/.m2/repository/javax/validation/validation-api/2.0.1.Final/validation-api-2.0.1.Final.jar:/home/discente/.m2/repository/javax/annotation/javax.annotation-api/1.3.2/javax.annotation-api-1.3.2.jar:/home/discente/.m2/repository/javax/servlet/servlet-api/2.5/servlet-api-2.5.jar:/home/discente/.m2/repository/org/elasticsearch/client/elasticsearch-rest-client/8.8.0/elasticsearch-rest-client-8.8.0.jar:/home/discente/.m2/repository/org/apache/httpcomponents/httpclient/4.5.13/httpclient-4.5.13.jar:/home/discente/.m2/repository/org/apache/httpcomponents/httpcore/4.4.16/httpcore-4.4.16.jar:/home/discente/.m2/repository/org/apache/httpcomponents/httpasyncclient/4.1.5/httpasyncclient-4.1.5.jar:/home/discente/.m2/repository/org/apache/httpcomponents/httpcore-nio/4.4.16/httpcore-nio-4.4.16.jar:/home/discente/.m2/repository/commons-codec/commons-codec/1.15/commons-codec-1.15.jar:/home/discente/.m2/repository/co/elastic/clients/elasticsearch-java/8.8.0/elasticsearch-java-8.8.0.jar:/home/discente/.m2/repository/com/google/code/findbugs/jsr305/3.0.2/jsr305-3.0.2.jar:/home/discente/.m2/repository/jakarta/json/jakarta.json-api/2.1.1/jakarta.json-api-2.1.1.jar:/home/discente/.m2/repository/org/eclipse/parsson/parsson/1.0.0/parsson-1.0.0.jar:/home/discente/.m2/repository/io/github/hakky54/sslcontext-kickstart/7.4.11/sslcontext-kickstart-7.4.11.jar:/home/discente/.m2/repository/org/slf4j/slf4j-api/2.0.7/slf4j-api-2.0.7.jar:/home/discente/.m2/repository/com/fasterxml/jackson/core/jackson-databind/2.15.1/jackson-databind-2.15.1.jar:/home/discente/.m2/repository/com/fasterxml/jackson/core/jackson-annotations/2.15.0/jackson-annotations-2.15.0.jar:/home/discente/.m2/repository/com/fasterxml/jackson/core/jackson-core/2.15.0/jackson-core-2.15.0.jar:"/>
    <property name="java.vm.vendor" value="Private Build"/>
    <property name="sun.arch.data.model" value="64"/>
    <property name="java.vendor.url" value="Unknown"/>
    <property name="user.timezone" value="America/Sao_Paulo"/>
    <property name="os.name" value="Linux"/>
    <property name="java.vm.specification.version" value="19"/>
    <property name="sun.java.launcher" value="SUN_STANDARD"/>
    <property name="user.country" value="BR"/>
    <property name="sun.boot.library.path" value="/usr/lib/jvm/java-19-openjdk-amd64/lib"/>
    <property name="sun.java.command" value="/home/discente/Vídeos/search-engine/backend/target/surefire/surefirebooter-20240607113218654_3.jar /home/discente/Vídeos/search-engine/backend/target/surefire 2024-06-07T11-32-18_623-jvmRun1 surefire-20240607113218654_1tmp surefire_0-20240607113218654_2tmp"/>
    <property name="jdk.debug" value="release"/>
    <property name="surefire.test.class.path" value="/home/discente/Vídeos/search-engine/backend/target/test-classes:/home/discente/Vídeos/search-engine/backend/target/classes:/home/discente/.m2/repository/org/springframework/boot/spring-boot-starter-web/3.1.0/spring-boot-starter-web-3.1.0.jar:/home/discente/.m2/repository/org/springframework/boot/spring-boot-starter/3.1.0/spring-boot-starter-3.1.0.jar:/home/discente/.m2/repository/org/springframework/boot/spring-boot/3.1.0/spring-boot-3.1.0.jar:/home/discente/.m2/repository/org/springframework/boot/spring-boot-autoconfigure/3.1.0/spring-boot-autoconfigure-3.1.0.jar:/home/discente/.m2/repository/org/springframework/boot/spring-boot-starter-logging/3.1.0/spring-boot-starter-logging-3.1.0.jar:/home/discente/.m2/repository/ch/qos/logback/logback-classic/1.4.7/logback-classic-1.4.7.jar:/home/discente/.m2/repository/ch/qos/logback/logback-core/1.4.7/logback-core-1.4.7.jar:/home/discente/.m2/repository/org/apache/logging/log4j/log4j-to-slf4j/2.20.0/log4j-to-slf4j-2.20.0.jar:/home/discente/.m2/repository/org/apache/logging/log4j/log4j-api/2.20.0/log4j-api-2.20.0.jar:/home/discente/.m2/repository/org/slf4j/jul-to-slf4j/2.0.7/jul-to-slf4j-2.0.7.jar:/home/discente/.m2/repository/jakarta/annotation/jakarta.annotation-api/2.1.1/jakarta.annotation-api-2.1.1.jar:/home/discente/.m2/repository/org/yaml/snakeyaml/1.33/snakeyaml-1.33.jar:/home/discente/.m2/repository/org/springframework/boot/spring-boot-starter-json/3.1.0/spring-boot-starter-json-3.1.0.jar:/home/discente/.m2/repository/com/fasterxml/jackson/datatype/jackson-datatype-jdk8/2.15.0/jackson-datatype-jdk8-2.15.0.jar:/home/discente/.m2/repository/com/fasterxml/jackson/datatype/jackson-datatype-jsr310/2.15.0/jackson-datatype-jsr310-2.15.0.jar:/home/discente/.m2/repository/com/fasterxml/jackson/module/jackson-module-parameter-names/2.15.0/jackson-module-parameter-names-2.15.0.jar:/home/discente/.m2/repository/org/springframework/boot/spring-boot-starter-tomcat/3.1.0/spring-boot-starter-tomcat-3.1.0.jar:/home/discente/.m2/repository/org/apache/tomcat/embed/tomcat-embed-core/10.1.8/tomcat-embed-core-10.1.8.jar:/home/discente/.m2/repository/org/apache/tomcat/embed/tomcat-embed-el/10.1.8/tomcat-embed-el-10.1.8.jar:/home/discente/.m2/repository/org/apache/tomcat/embed/tomcat-embed-websocket/10.1.8/tomcat-embed-websocket-10.1.8.jar:/home/discente/.m2/repository/org/springframework/spring-web/6.0.9/spring-web-6.0.9.jar:/home/discente/.m2/repository/org/springframework/spring-beans/6.0.9/spring-beans-6.0.9.jar:/home/discente/.m2/repository/io/micrometer/micrometer-observation/1.11.0/micrometer-observation-1.11.0.jar:/home/discente/.m2/repository/io/micrometer/micrometer-commons/1.11.0/micrometer-commons-1.11.0.jar:/home/discente/.m2/repository/org/springframework/spring-webmvc/6.0.9/spring-webmvc-6.0.9.jar:/home/discente/.m2/repository/org/springframework/spring-aop/6.0.9/spring-aop-6.0.9.jar:/home/discente/.m2/repository/org/springframework/spring-context/6.0.9/spring-context-6.0.9.jar:/home/discente/.m2/repository/org/springframework/spring-expression/6.0.9/spring-expression-6.0.9.jar:/home/discente/.m2/repository/org/springframework/boot/spring-boot-starter-test/3.1.0/spring-boot-starter-test-3.1.0.jar:/home/discente/.m2/repository/org/springframework/boot/spring-boot-test/3.1.0/spring-boot-test-3.1.0.jar:/home/discente/.m2/repository/org/springframework/boot/spring-boot-test-autoconfigure/3.1.0/spring-boot-test-autoconfigure-3.1.0.jar:/home/discente/.m2/repository/com/jayway/jsonpath/json-path/2.8.0/json-path-2.8.0.jar:/home/discente/.m2/repository/jakarta/xml/bind/jakarta.xml.bind-api/4.0.0/jakarta.xml.bind-api-4.0.0.jar:/home/discente/.m2/repository/jakarta/activation/jakarta.activation-api/2.1.2/jakarta.activation-api-2.1.2.jar:/home/discente/.m2/repository/net/minidev/json-smart/2.4.10/json-smart-2.4.10.jar:/home/discente/.m2/repository/net/minidev/accessors-smart/2.4.9/accessors-smart-2.4.9.jar:/home/discente/.m2/repository/org/ow2/asm/asm/9.3/asm-9.3.jar:/home/discente/.m2/repository/org/assertj/assertj-core/3.24.2/assertj-core-3.24.2.jar:/home/discente/.m2/repository/net/bytebuddy/byte-buddy/1.14.4/byte-buddy-1.14.4.jar:/home/discente/.m2/repository/org/hamcrest/hamcrest/2.2/hamcrest-2.2.jar:/home/discente/.m2/repository/org/junit/jupiter/junit-jupiter/5.9.3/junit-jupiter-5.9.3.jar:/home/discente/.m2/repository/org/junit/jupiter/junit-jupiter-api/5.9.3/junit-jupiter-api-5.9.3.jar:/home/discente/.m2/repository/org/opentest4j/opentest4j/1.2.0/opentest4j-1.2.0.jar:/home/discente/.m2/repository/org/junit/platform/junit-platform-commons/1.9.3/junit-platform-commons-1.9.3.jar:/home/discente/.m2/repository/org/apiguardian/apiguardian-api/1.1.2/apiguardian-api-1.1.2.jar:/home/discente/.m2/repository/org/junit/jupiter/junit-jupiter-params/5.9.3/junit-jupiter-params-5.9.3.jar:/home/discente/.m2/repository/org/junit/jupiter/junit-jupiter-engine/5.9.3/junit-jupiter-engine-5.9.3.jar:/home/discente/.m2/repository/org/junit/platform/junit-platform-engine/1.9.3/junit-platform-engine-1.9.3.jar:/home/discente/.m2/repository/org/mockito/mockito-core/5.3.1/mockito-core-5.3.1.jar:/home/discente/.m2/repository/net/bytebuddy/byte-buddy-agent/1.14.4/byte-buddy-agent-1.14.4.jar:/home/discente/.m2/repository/org/objenesis/objenesis/3.3/objenesis-3.3.jar:/home/discente/.m2/repository/org/mockito/mockito-junit-jupiter/5.3.1/mockito-junit-jupiter-5.3.1.jar:/home/discente/.m2/repository/org/skyscreamer/jsonassert/1.5.1/jsonassert-1.5.1.jar:/home/discente/.m2/repository/com/vaadin/external/google/android-json/0.0.20131108.vaadin1/android-json-0.0.20131108.vaadin1.jar:/home/discente/.m2/repository/org/springframework/spring-core/6.0.9/spring-core-6.0.9.jar:/home/discente/.m2/repository/org/springframework/spring-jcl/6.0.9/spring-jcl-6.0.9.jar:/home/discente/.m2/repository/org/springframework/spring-test/6.0.9/spring-test-6.0.9.jar:/home/discente/.m2/repository/org/xmlunit/xmlunit-core/2.9.1/xmlunit-core-2.9.1.jar:/home/discente/.m2/repository/org/springdoc/springdoc-openapi-ui/1.6.15/springdoc-openapi-ui-1.6.15.jar:/home/discente/.m2/repository/org/springdoc/springdoc-openapi-webmvc-core/1.6.15/springdoc-openapi-webmvc-core-1.6.15.jar:/home/discente/.m2/repository/org/springdoc/springdoc-openapi-common/1.6.15/springdoc-openapi-common-1.6.15.jar:/home/discente/.m2/repository/io/swagger/core/v3/swagger-core/2.2.8/swagger-core-2.2.8.jar:/home/discente/.m2/repository/org/apache/commons/commons-lang3/3.12.0/commons-lang3-3.12.0.jar:/home/discente/.m2/repository/com/fasterxml/jackson/dataformat/jackson-dataformat-yaml/2.15.0/jackson-dataformat-yaml-2.15.0.jar:/home/discente/.m2/repository/io/swagger/core/v3/swagger-annotations/2.2.8/swagger-annotations-2.2.8.jar:/home/discente/.m2/repository/io/swagger/core/v3/swagger-models/2.2.8/swagger-models-2.2.8.jar:/home/discente/.m2/repository/jakarta/validation/jakarta.validation-api/3.0.2/jakarta.validation-api-3.0.2.jar:/home/discente/.m2/repository/org/webjars/swagger-ui/4.17.1/swagger-ui-4.17.1.jar:/home/discente/.m2/repository/org/webjars/webjars-locator-core/0.52/webjars-locator-core-0.52.jar:/home/discente/.m2/repository/io/github/classgraph/classgraph/4.8.149/classgraph-4.8.149.jar:/home/discente/.m2/repository/org/openapitools/jackson-databind-nullable/0.2.6/jackson-databind-nullable-0.2.6.jar:/home/discente/.m2/repository/io/swagger/swagger-annotations/1.6.8/swagger-annotations-1.6.8.jar:/home/discente/.m2/repository/javax/validation/validation-api/2.0.1.Final/validation-api-2.0.1.Final.jar:/home/discente/.m2/repository/javax/annotation/javax.annotation-api/1.3.2/javax.annotation-api-1.3.2.jar:/home/discente/.m2/repository/javax/servlet/servlet-api/2.5/servlet-api-2.5.jar:/home/discente/.m2/repository/org/elasticsearch/client/elasticsearch-rest-client/8.8.0/elasticsearch-rest-client-8.8.0.jar:/home/discente/.m2/repository/org/apache/httpcomponents/httpclient/4.5.13/httpclient-4.5.13.jar:/home/discente/.m2/repository/org/apache/httpcomponents/httpcore/4.4.16/httpcore-4.4.16.jar:/home/discente/.m2/repository/org/apache/httpcomponents/httpasyncclient/4.1.5/httpasyncclient-4.1.5.jar:/home/discente/.m2/repository/org/apache/httpcomponents/httpcore-nio/4.4.16/httpcore-nio-4.4.16.jar:/home/discente/.m2/repository/commons-codec/commons-codec/1.15/commons-codec-1.15.jar:/home/discente/.m2/repository/co/elastic/clients/elasticsearch-java/8.8.0/elasticsearch-java-8.8.0.jar:/home/discente/.m2/repository/com/google/code/findbugs/jsr305/3.0.2/jsr305-3.0.2.jar:/home/discente/.m2/repository/jakarta/json/jakarta.json-api/2.1.1/jakarta.json-api-2.1.1.jar:/home/discente/.m2/repository/org/eclipse/parsson/parsson/1.0.0/parsson-1.0.0.jar:/home/discente/.m2/repository/io/github/hakky54/sslcontext-kickstart/7.4.11/sslcontext-kickstart-7.4.11.jar:/home/discente/.m2/repository/org/slf4j/slf4j-api/2.0.7/slf4j-api-2.0.7.jar:/home/discente/.m2/repository/com/fasterxml/jackson/core/jackson-databind/2.15.1/jackson-databind-2.15.1.jar:/home/discente/.m2/repository/com/fasterxml/jackson/core/jackson-annotations/2.15.0/jackson-annotations-2.15.0.jar:/home/discente/.m2/repository/com/fasterxml/jackson/core/jackson-core/2.15.0/jackson-core-2.15.0.jar:"/>
    <property name="sun.cpu.endian" value="little"/>
    <property name="user.home" value="/home/discente"/>
    <property name="user.language" value="pt"/>
    <property name="java.specification.vendor" value="Oracle Corporation"/>
    <property name="java.version.date" value="2023-01-17"/>
    <property name="java.home" value="/usr/lib/jvm/java-19-openjdk-amd64"/>
    <property name="file.separator" value="/"/>
    <property name="basedir" value="/home/discente/Vídeos/search-engine/backend"/>
    <property name="java.vm.compressedOopsMode" value="Zero based"/>
    <property name="line.separator" value="&#10;"/>
    <property name="java.vm.specification.vendor" value="Oracle Corporation"/>
    <property name="java.specification.name" value="Java Platform API Specification"/>
    <property name="FILE_LOG_CHARSET" value="UTF-8"/>
    <property name="java.awt.headless" value="true"/>
    <property name="surefire.real.class.path" value="/home/discente/Vídeos/search-engine/backend/target/surefire/surefirebooter-20240607113218654_3.jar"/>
    <property name="sun.management.compiler" value="HotSpot 64-Bit Tiered Compilers"/>
    <property name="java.runtime.version" value="19.0.2+7-Ubuntu-0ubuntu322.04"/>
    <property name="user.name" value="discente"/>
    <property name="stdout.encoding" value="UTF-8"/>
    <property name="path.separator" value=":"/>
    <property name="os.version" value="6.5.0-35-generic"/>
    <property name="java.runtime.name" value="OpenJDK Runtime Environment"/>
    <property name="file.encoding" value="UTF-8"/>
    <property name="java.vm.name" value="OpenJDK 64-Bit Server VM"/>
    <property name="localRepository" value="/home/discente/.m2/repository"/>
    <property name="java.vendor.url.bug" value="Unknown"/>
    <property name="java.io.tmpdir" value="/tmp"/>
    <property name="java.version" value="19.0.2"/>
    <property name="user.dir" value="/home/discente/Vídeos/search-engine/backend"/>
    <property name="os.arch" value="amd64"/>
    <property name="java.vm.specification.name" value="Java Virtual Machine Specification"/>
    <property name="PID" value="27147"/>
    <property name="CONSOLE_LOG_CHARSET" value="UTF-8"/>
    <property name="native.encoding" value="UTF-8"/>
    <property name="java.library.path" value="/usr/java/packages/lib:/usr/lib/x86_64-linux-gnu/jni:/lib/x86_64-linux-gnu:/usr/lib/x86_64-linux-gnu:/usr/lib/jni:/lib:/usr/lib"/>
    <property name="java.vm.info" value="mixed mode, sharing"/>
    <property name="stderr.encoding" value="UTF-8"/>
    <property name="java.vendor" value="Private Build"/>
    <property name="java.vm.version" value="19.0.2+7-Ubuntu-0ubuntu322.04"/>
    <property name="sun.io.unicode.encoding" value="UnicodeLittle"/>
    <property name="java.class.version" value="63.0"/>
  </properties>
  <testcase name="contextLoads" classname="com.elasticsearch.search.SearchApplicationTests" time="0.35">
    <system-out><![CDATA[11:32:18.968 [main] INFO org.springframework.test.context.support.AnnotationConfigContextLoaderUtils -- Could not detect default configuration classes for test class [com.elasticsearch.search.SearchApplicationTests]: SearchApplicationTests does not declare any static, non-private, non-final, nested classes annotated with @Configuration.
11:32:19.009 [main] INFO org.springframework.boot.test.context.SpringBootTestContextBootstrapper -- Found @SpringBootConfiguration com.elasticsearch.search.SearchApplication for test class com.elasticsearch.search.SearchApplicationTests

  .   ____          _            __ _ _
 /\\ / ___'_ __ _ _(_)_ __  __ _ \ \ \ \
( ( )\___ | '_ | '_| | '_ \/ _` | \ \ \ \
 \\/  ___)| |_)| | | | | || (_| |  ) ) ) )
  '  |____| .__|_| |_|_| |_\__, | / / / /
 =========|_|==============|___/=/_/_/_/
 :: Spring Boot ::                (v3.1.0)

2024-06-07T11:32:19.175-03:00  INFO 27147 --- [           main] c.e.search.SearchApplicationTests        : Starting SearchApplicationTests using Java 19.0.2 with PID 27147 (started by discente in /home/discente/Vídeos/search-engine/backend)
2024-06-07T11:32:19.176-03:00  INFO 27147 --- [           main] c.e.search.SearchApplicationTests        : No active profile set, falling back to 1 default profile: "default"
2024-06-07T11:32:20.001-03:00  INFO 27147 --- [           main] c.e.search.SearchApplicationTests        : Started SearchApplicationTests in 0.945 seconds (process running for 1.319)
]]></system-out>
  </testcase>
</testsuite>